__tests__/LessonStore.test.ts(4,1): error TS2582: Cannot find name 'describe'. Do you need to install type definitions for a test runner? Try `npm i --save-dev @types/jest` or `npm i --save-dev @types/mocha`.
__tests__/LessonStore.test.ts(5,5): error TS2304: Cannot find name 'beforeEach'.
__tests__/LessonStore.test.ts(12,5): error TS2582: Cannot find name 'it'. Do you need to install type definitions for a test runner? Try `npm i --save-dev @types/jest` or `npm i --save-dev @types/mocha`.
__tests__/LessonStore.test.ts(14,9): error TS2304: Cannot find name 'expect'.
__tests__/LessonStore.test.ts(15,9): error TS2304: Cannot find name 'expect'.
__tests__/LessonStore.test.ts(16,9): error TS2304: Cannot find name 'expect'.
__tests__/LessonStore.test.ts(19,5): error TS2582: Cannot find name 'it'. Do you need to install type definitions for a test runner? Try `npm i --save-dev @types/jest` or `npm i --save-dev @types/mocha`.
__tests__/LessonStore.test.ts(23,9): error TS2304: Cannot find name 'expect'.
__tests__/LessonStore.test.ts(26,5): error TS2582: Cannot find name 'it'. Do you need to install type definitions for a test runner? Try `npm i --save-dev @types/jest` or `npm i --save-dev @types/mocha`.
__tests__/LessonStore.test.ts(30,9): error TS2304: Cannot find name 'expect'.
__tests__/LessonStore.test.ts(33,5): error TS2582: Cannot find name 'it'. Do you need to install type definitions for a test runner? Try `npm i --save-dev @types/jest` or `npm i --save-dev @types/mocha`.
__tests__/LessonStore.test.ts(37,9): error TS2304: Cannot find name 'expect'.
__tests__/LessonStore.test.ts(38,9): error TS2304: Cannot find name 'expect'.
__tests__/SmartPromptService.test.ts(3,1): error TS2582: Cannot find name 'describe'. Do you need to install type definitions for a test runner? Try `npm i --save-dev @types/jest` or `npm i --save-dev @types/mocha`.
__tests__/SmartPromptService.test.ts(4,5): error TS2582: Cannot find name 'it'. Do you need to install type definitions for a test runner? Try `npm i --save-dev @types/jest` or `npm i --save-dev @types/mocha`.
__tests__/SmartPromptService.test.ts(8,9): error TS2304: Cannot find name 'expect'.
__tests__/SmartPromptService.test.ts(11,9): error TS2304: Cannot find name 'expect'.
__tests__/SmartPromptService.test.ts(14,5): error TS2582: Cannot find name 'it'. Do you need to install type definitions for a test runner? Try `npm i --save-dev @types/jest` or `npm i --save-dev @types/mocha`.
__tests__/SmartPromptService.test.ts(28,9): error TS2304: Cannot find name 'expect'.
__tests__/SmartPromptService.test.ts(29,9): error TS2304: Cannot find name 'expect'.
__tests__/SmartPromptService.test.ts(30,9): error TS2304: Cannot find name 'expect'.
__tests__/useLessonActions.test.ts(6,1): error TS2304: Cannot find name 'jest'.
__tests__/useLessonActions.test.ts(8,23): error TS2304: Cannot find name 'jest'.
__tests__/useLessonActions.test.ts(12,1): error TS2582: Cannot find name 'describe'. Do you need to install type definitions for a test runner? Try `npm i --save-dev @types/jest` or `npm i --save-dev @types/mocha`.
__tests__/useLessonActions.test.ts(13,5): error TS2304: Cannot find name 'beforeEach'.
__tests__/useLessonActions.test.ts(17,5): error TS2582: Cannot find name 'it'. Do you need to install type definitions for a test runner? Try `npm i --save-dev @types/jest` or `npm i --save-dev @types/mocha`.
__tests__/useLessonActions.test.ts(24,9): error TS2304: Cannot find name 'expect'.
__tests__/useLessonActions.test.ts(27,5): error TS2582: Cannot find name 'it'. Do you need to install type definitions for a test runner? Try `npm i --save-dev @types/jest` or `npm i --save-dev @types/mocha`.
__tests__/useLessonActions.test.ts(40,9): error TS2304: Cannot find name 'expect'.
